2024-10-23 02:52:34,396 - WARNING - No project ID could be determined. Consider running `gcloud config set project` or setting the GOOGLE_CLOUD_PROJECT environment variable
2024-10-23 02:52:34,396 - WARNING - No project ID could be determined. Consider running `gcloud config set project` or setting the GOOGLE_CLOUD_PROJECT environment variable
2024-10-23 02:52:34,396 - WARNING - No project ID could be determined. Consider running `gcloud config set project` or setting the GOOGLE_CLOUD_PROJECT environment variable
2024-10-23 02:52:34,416 - WARNING - No project ID could be determined. Consider running `gcloud config set project` or setting the GOOGLE_CLOUD_PROJECT environment variable
2024-10-23 02:52:34,420 - WARNING - No project ID could be determined. Consider running `gcloud config set project` or setting the GOOGLE_CLOUD_PROJECT environment variable
2024-10-23 02:52:34,420 - WARNING - No project ID could be determined. Consider running `gcloud config set project` or setting the GOOGLE_CLOUD_PROJECT environment variable
2024-10-23 22:54:58,119 - INFO - County BEDFORD_42 in 2016 and month 5 does not exist in the histogram set. Zero will be used instead
2024-10-23 22:55:27,242 - INFO - County HUNTINGDON_42 in 2016 and month 5 does not exist in the histogram set. Zero will be used instead
2024-10-23 22:55:34,847 - INFO - County BLAIR_42 in 2016 and month 5 does not exist in the histogram set. Zero will be used instead
2024-10-23 22:55:57,444 - INFO - County FULTON_42 in 2016 and month 5 does not exist in the histogram set. Zero will be used instead
2024-10-23 22:55:57,615 - INFO - County FULTON_42 in 2016 and month 9 does not exist in the histogram set. Zero will be used instead
2024-10-23 22:57:24,918 - INFO - County EFFINGHAM_17 in 2016 and month 7 does not exist in the histogram set. Zero will be used instead
2024-10-23 22:58:14,038 - INFO - County BUNCOMBE_37 in 2017 and month 7 does not exist in the histogram set. Zero will be used instead
2024-10-23 22:59:21,216 - INFO - County MONTMORENCY_26 in 2016 and month 9 does not exist in the histogram set. Zero will be used instead
2024-10-23 22:59:53,685 - INFO - County ONTARIO_36 in 2016 and month 5 does not exist in the histogram set. Zero will be used instead
2024-10-23 23:00:16,655 - INFO - County STEUBEN_36 in 2016 and month 5 does not exist in the histogram set. Zero will be used instead
2024-10-23 23:02:58,440 - INFO - County MARIES_29 in 2016 and month 7 does not exist in the histogram set. Zero will be used instead
2024-10-23 23:02:58,484 - INFO - County MARIES_29 in 2016 and month 9 does not exist in the histogram set. Zero will be used instead
2024-10-23 23:03:29,374 - INFO - County LIVINGSTON_36 in 2016 and month 5 does not exist in the histogram set. Zero will be used instead
2024-10-23 23:03:48,630 - INFO - County MEDINA_48 in 2016 and month 5 does not exist in the histogram set. Zero will be used instead
2024-10-23 23:03:56,474 - INFO - County CUMBERLAND_17 in 2016 and month 7 does not exist in the histogram set. Zero will be used instead
2024-10-23 23:04:21,999 - INFO - County MAHNOMEN_27 in 2016 and month 9 does not exist in the histogram set. Zero will be used instead
2024-10-23 23:04:29,688 - INFO - County HAMILTON_18 in 2016 and month 9 does not exist in the histogram set. Zero will be used instead
2024-10-23 23:05:34,401 - INFO - County ADAMS_55 in 2016 and month 9 does not exist in the histogram set. Zero will be used instead
2024-10-23 23:06:47,431 - INFO - County MADISON_18 in 2016 and month 9 does not exist in the histogram set. Zero will be used instead
2024-10-23 23:07:21,515 - INFO - County CARROLL_39 in 2016 and month 7 does not exist in the histogram set. Zero will be used instead
2024-10-23 23:07:24,394 - INFO - County CALHOUN_26 in 2016 and month 9 does not exist in the histogram set. Zero will be used instead
2024-10-23 23:08:40,280 - INFO - County BEXAR_48 in 2016 and month 5 does not exist in the histogram set. Zero will be used instead
2024-10-23 23:10:36,480 - INFO - County DELAWARE_18 in 2016 and month 5 does not exist in the histogram set. Zero will be used instead
2024-10-23 23:10:36,686 - INFO - County DELAWARE_18 in 2016 and month 9 does not exist in the histogram set. Zero will be used instead
2024-10-23 23:11:25,296 - INFO - County WARREN_17 in 2016 and month 9 does not exist in the histogram set. Zero will be used instead
2024-10-23 23:11:35,287 - INFO - County TIPTON_18 in 2016 and month 9 does not exist in the histogram set. Zero will be used instead
2024-10-23 23:11:59,477 - INFO - County HANCOCK_18 in 2016 and month 9 does not exist in the histogram set. Zero will be used instead
2024-10-24 19:30:22,504 - INFO - County BEDFORD_42 in 2016 and month 5 does not exist in the histogram set. Zero will be used instead
2024-10-24 19:30:50,205 - INFO - County HUNTINGDON_42 in 2016 and month 5 does not exist in the histogram set. Zero will be used instead
2024-10-24 19:30:57,213 - INFO - County BLAIR_42 in 2016 and month 5 does not exist in the histogram set. Zero will be used instead
2024-10-24 19:31:18,825 - INFO - County FULTON_42 in 2016 and month 5 does not exist in the histogram set. Zero will be used instead
2024-10-24 19:31:19,001 - INFO - County FULTON_42 in 2016 and month 9 does not exist in the histogram set. Zero will be used instead
2024-10-24 19:32:44,940 - INFO - County EFFINGHAM_17 in 2016 and month 7 does not exist in the histogram set. Zero will be used instead
2024-10-24 19:33:32,315 - INFO - County BUNCOMBE_37 in 2017 and month 7 does not exist in the histogram set. Zero will be used instead
2024-10-24 19:34:38,441 - INFO - County MONTMORENCY_26 in 2016 and month 9 does not exist in the histogram set. Zero will be used instead
2024-10-24 19:35:09,351 - INFO - County ONTARIO_36 in 2016 and month 5 does not exist in the histogram set. Zero will be used instead
2024-10-24 19:35:30,980 - INFO - County STEUBEN_36 in 2016 and month 5 does not exist in the histogram set. Zero will be used instead
2024-10-24 19:38:04,209 - INFO - County MARIES_29 in 2016 and month 7 does not exist in the histogram set. Zero will be used instead
2024-10-24 19:38:04,253 - INFO - County MARIES_29 in 2016 and month 9 does not exist in the histogram set. Zero will be used instead
2024-10-24 19:38:34,422 - INFO - County LIVINGSTON_36 in 2016 and month 5 does not exist in the histogram set. Zero will be used instead
2024-10-24 19:38:53,596 - INFO - County MEDINA_48 in 2016 and month 5 does not exist in the histogram set. Zero will be used instead
2024-10-24 19:39:01,690 - INFO - County CUMBERLAND_17 in 2016 and month 7 does not exist in the histogram set. Zero will be used instead
2024-10-24 19:39:27,557 - INFO - County MAHNOMEN_27 in 2016 and month 9 does not exist in the histogram set. Zero will be used instead
2024-10-24 19:39:34,991 - INFO - County HAMILTON_18 in 2016 and month 9 does not exist in the histogram set. Zero will be used instead
2024-10-24 19:40:41,254 - INFO - County ADAMS_55 in 2016 and month 9 does not exist in the histogram set. Zero will be used instead
2024-10-24 19:41:57,063 - INFO - County MADISON_18 in 2016 and month 9 does not exist in the histogram set. Zero will be used instead
2024-10-24 19:42:31,881 - INFO - County CARROLL_39 in 2016 and month 7 does not exist in the histogram set. Zero will be used instead
2024-10-24 19:42:35,076 - INFO - County CALHOUN_26 in 2016 and month 9 does not exist in the histogram set. Zero will be used instead
2024-10-24 19:43:54,776 - INFO - County BEXAR_48 in 2016 and month 5 does not exist in the histogram set. Zero will be used instead
2024-10-24 19:45:50,258 - INFO - County DELAWARE_18 in 2016 and month 5 does not exist in the histogram set. Zero will be used instead
2024-10-24 19:45:50,409 - INFO - County DELAWARE_18 in 2016 and month 9 does not exist in the histogram set. Zero will be used instead
2024-10-24 19:46:38,798 - INFO - County WARREN_17 in 2016 and month 9 does not exist in the histogram set. Zero will be used instead
2024-10-24 19:46:48,437 - INFO - County TIPTON_18 in 2016 and month 9 does not exist in the histogram set. Zero will be used instead
2024-10-24 19:47:13,159 - INFO - County HANCOCK_18 in 2016 and month 9 does not exist in the histogram set. Zero will be used instead
2024-10-24 19:48:59,886 - INFO - County ALCONA_26 in 2016 and month 7 does not exist in the histogram set. Zero will be used instead
2024-10-24 19:48:59,932 - INFO - County ALCONA_26 in 2016 and month 9 does not exist in the histogram set. Zero will be used instead
2024-10-24 19:50:15,765 - INFO - County GRATIOT_26 in 2016 and month 9 does not exist in the histogram set. Zero will be used instead
2024-10-24 19:51:35,843 - INFO - County PIKE_17 in 2016 and month 9 does not exist in the histogram set. Zero will be used instead
2024-10-24 19:52:30,756 - INFO - County ONEIDA_36 in 2017 and month 5 does not exist in the histogram set. Zero will be used instead
2024-10-24 19:52:38,816 - INFO - County COOK_17 in 2016 and month 7 does not exist in the histogram set. Zero will be used instead
2024-10-24 19:52:57,438 - INFO - County HARDY_54 in 2016 and month 9 does not exist in the histogram set. Zero will be used instead
2024-10-24 19:53:19,146 - INFO - County WOOD_54 in 2016 and month 7 does not exist in the histogram set. Zero will be used instead
